<?xml version="1.0" encoding="UTF-8"?>
<testsuite xmlns:xsi="http://www.w3.org/2001/XMLSchema-instance" xsi:noNamespaceSchemaLocation="https://maven.apache.org/surefire/maven-surefire-plugin/xsd/surefire-test-report-3.0.xsd" version="3.0" name="com.syntax.runners.Runner" time="9.776" tests="14" errors="14" skipped="0" failures="0">
  <properties>
[...]
</properties>
  <testcase name="Modify Contact Details" classname="Contact Details" time="2.125">
    <error message="session not created: This version of ChromeDriver only supports Chrome version 79&#10;Build info: version: &apos;3.141.59&apos;, revision: &apos;e82be7d358&apos;, time: &apos;2018-11-14T08:17:03&apos;&#10;System info: host: &apos;DESKTOP-ODFPRUL&apos;, ip: &apos;192.168.0.6&apos;, os.name: &apos;Windows 10&apos;, os.arch: &apos;amd64&apos;, os.version: &apos;10.0&apos;, java.version: &apos;1.8.0_211&apos;&#10;Driver info: driver.version: ChromeDriver&#10;remote stacktrace: Backtrace:&#10;	Ordinal0 [0x0051A113+1548563]&#10;	Ordinal0 [0x0049DDA1+1039777]&#10;	Ordinal0 [0x0041E485+517253]&#10;	Ordinal0 [0x003AFD34+64820]&#10;	Ordinal0 [0x003AC61E+50718]&#10;	Ordinal0 [0x003CB797+178071]&#10;	Ordinal0 [0x003CB59D+177565]&#10;	Ordinal0 [0x003C95FB+169467]&#10;	Ordinal0 [0x003B160A+71178]&#10;	Ordinal0 [0x003B2690+75408]&#10;	Ordinal0 [0x003B2629+75305]&#10;	Ordinal0 [0x004B71B7+1143223]&#10;	GetHandleVerifier [0x005B2B46+507814]&#10;	GetHandleVerifier [0x005B2864+507076]&#10;	GetHandleVerifier [0x005B9F47+537511]&#10;	GetHandleVerifier [0x005B3402+510050]&#10;	Ordinal0 [0x004AF29C+1110684]&#10;	Ordinal0 [0x004B938B+1151883]&#10;	Ordinal0 [0x004B94F3+1152243]&#10;	Ordinal0 [0x004B83F5+1147893]&#10;	BaseThreadInitThunk [0x76896359+25]&#10;	RtlGetAppContainerNamedObjectPath [0x77C17C24+228]&#10;	RtlGetAppContainerNamedObjectPath [0x77C17BF4+180]&#10;" type="org.openqa.selenium.SessionNotCreatedException"><![CDATA[org.openqa.selenium.SessionNotCreatedException: 
session not created: This version of ChromeDriver only supports Chrome version 79
Build info: version: '3.141.59', revision: 'e82be7d358', time: '2018-11-14T08:17:03'
System info: host: 'DESKTOP-ODFPRUL', ip: '192.168.0.6', os.name: 'Windows 10', os.arch: 'amd64', os.version: '10.0', java.version: '1.8.0_211'
Driver info: driver.version: ChromeDriver
remote stacktrace: Backtrace:
	Ordinal0 [0x0051A113+1548563]
	Ordinal0 [0x0049DDA1+1039777]
	Ordinal0 [0x0041E485+517253]
	Ordinal0 [0x003AFD34+64820]
	Ordinal0 [0x003AC61E+50718]
	Ordinal0 [0x003CB797+178071]
	Ordinal0 [0x003CB59D+177565]
	Ordinal0 [0x003C95FB+169467]
	Ordinal0 [0x003B160A+71178]
	Ordinal0 [0x003B2690+75408]
	Ordinal0 [0x003B2629+75305]
	Ordinal0 [0x004B71B7+1143223]
	GetHandleVerifier [0x005B2B46+507814]
	GetHandleVerifier [0x005B2864+507076]
	GetHandleVerifier [0x005B9F47+537511]
	GetHandleVerifier [0x005B3402+510050]
	Ordinal0 [0x004AF29C+1110684]
	Ordinal0 [0x004B938B+1151883]
	Ordinal0 [0x004B94F3+1152243]
	Ordinal0 [0x004B83F5+1147893]
	BaseThreadInitThunk [0x76896359+25]
	RtlGetAppContainerNamedObjectPath [0x77C17C24+228]
	RtlGetAppContainerNamedObjectPath [0x77C17BF4+180]

]]></error>
    <system-out><![CDATA[Starting scenario Modify Contact Details
Ending scenario Modify Contact Details
]]></system-out>
    <system-err><![CDATA[Starting ChromeDriver 79.0.3945.36 (3582db32b33893869b8c1339e8f4d9ed1816f143-refs/branch-heads/3945@{#614}) on port 42162
Only local connections are allowed.
Please protect ports used by ChromeDriver and related test frameworks to prevent access by malicious code.
]]></system-err>
  </testcase>
  <testcase name="Modify Contact Details" classname="Contact Details" time="2.125">
    <error type="java.lang.NullPointerException"><![CDATA[java.lang.NullPointerException
]]></error>
  </testcase>
  <testcase name="Add Employee Dependents" classname="Add Employee Dependents" time="1.101">
    <error message="session not created: This version of ChromeDriver only supports Chrome version 79&#10;Build info: version: &apos;3.141.59&apos;, revision: &apos;e82be7d358&apos;, time: &apos;2018-11-14T08:17:03&apos;&#10;System info: host: &apos;DESKTOP-ODFPRUL&apos;, ip: &apos;192.168.0.6&apos;, os.name: &apos;Windows 10&apos;, os.arch: &apos;amd64&apos;, os.version: &apos;10.0&apos;, java.version: &apos;1.8.0_211&apos;&#10;Driver info: driver.version: ChromeDriver&#10;remote stacktrace: Backtrace:&#10;	Ordinal0 [0x0051A113+1548563]&#10;	Ordinal0 [0x0049DDA1+1039777]&#10;	Ordinal0 [0x0041E485+517253]&#10;	Ordinal0 [0x003AFD34+64820]&#10;	Ordinal0 [0x003AC61E+50718]&#10;	Ordinal0 [0x003CB797+178071]&#10;	Ordinal0 [0x003CB59D+177565]&#10;	Ordinal0 [0x003C95FB+169467]&#10;	Ordinal0 [0x003B160A+71178]&#10;	Ordinal0 [0x003B2690+75408]&#10;	Ordinal0 [0x003B2629+75305]&#10;	Ordinal0 [0x004B71B7+1143223]&#10;	GetHandleVerifier [0x005B2B46+507814]&#10;	GetHandleVerifier [0x005B2864+507076]&#10;	GetHandleVerifier [0x005B9F47+537511]&#10;	GetHandleVerifier [0x005B3402+510050]&#10;	Ordinal0 [0x004AF29C+1110684]&#10;	Ordinal0 [0x004B938B+1151883]&#10;	Ordinal0 [0x004B94F3+1152243]&#10;	Ordinal0 [0x004B83F5+1147893]&#10;	BaseThreadInitThunk [0x76896359+25]&#10;	RtlGetAppContainerNamedObjectPath [0x77C17C24+228]&#10;	RtlGetAppContainerNamedObjectPath [0x77C17BF4+180]&#10;" type="org.openqa.selenium.SessionNotCreatedException"><![CDATA[org.openqa.selenium.SessionNotCreatedException: 
session not created: This version of ChromeDriver only supports Chrome version 79
Build info: version: '3.141.59', revision: 'e82be7d358', time: '2018-11-14T08:17:03'
System info: host: 'DESKTOP-ODFPRUL', ip: '192.168.0.6', os.name: 'Windows 10', os.arch: 'amd64', os.version: '10.0', java.version: '1.8.0_211'
Driver info: driver.version: ChromeDriver
remote stacktrace: Backtrace:
	Ordinal0 [0x0051A113+1548563]
	Ordinal0 [0x0049DDA1+1039777]
	Ordinal0 [0x0041E485+517253]
	Ordinal0 [0x003AFD34+64820]
	Ordinal0 [0x003AC61E+50718]
	Ordinal0 [0x003CB797+178071]
	Ordinal0 [0x003CB59D+177565]
	Ordinal0 [0x003C95FB+169467]
	Ordinal0 [0x003B160A+71178]
	Ordinal0 [0x003B2690+75408]
	Ordinal0 [0x003B2629+75305]
	Ordinal0 [0x004B71B7+1143223]
	GetHandleVerifier [0x005B2B46+507814]
	GetHandleVerifier [0x005B2864+507076]
	GetHandleVerifier [0x005B9F47+537511]
	GetHandleVerifier [0x005B3402+510050]
	Ordinal0 [0x004AF29C+1110684]
	Ordinal0 [0x004B938B+1151883]
	Ordinal0 [0x004B94F3+1152243]
	Ordinal0 [0x004B83F5+1147893]
	BaseThreadInitThunk [0x76896359+25]
	RtlGetAppContainerNamedObjectPath [0x77C17C24+228]
	RtlGetAppContainerNamedObjectPath [0x77C17BF4+180]

]]></error>
    <system-out><![CDATA[Starting scenario Add Employee Dependents
Ending scenario Add Employee Dependents
]]></system-out>
    <system-err><![CDATA[Starting ChromeDriver 79.0.3945.36 (3582db32b33893869b8c1339e8f4d9ed1816f143-refs/branch-heads/3945@{#614}) on port 2935
Only local connections are allowed.
Please protect ports used by ChromeDriver and related test frameworks to prevent access by malicious code.
]]></system-err>
  </testcase>
  <testcase name="Add Employee Dependents" classname="Add Employee Dependents" time="1.101">
    <error type="java.lang.NullPointerException"><![CDATA[java.lang.NullPointerException
]]></error>
  </testcase>
  <testcase name="Modify personal Details" classname="Personal Details" time="1.142">
    <error message="session not created: This version of ChromeDriver only supports Chrome version 79&#10;Build info: version: &apos;3.141.59&apos;, revision: &apos;e82be7d358&apos;, time: &apos;2018-11-14T08:17:03&apos;&#10;System info: host: &apos;DESKTOP-ODFPRUL&apos;, ip: &apos;192.168.0.6&apos;, os.name: &apos;Windows 10&apos;, os.arch: &apos;amd64&apos;, os.version: &apos;10.0&apos;, java.version: &apos;1.8.0_211&apos;&#10;Driver info: driver.version: ChromeDriver&#10;remote stacktrace: Backtrace:&#10;	Ordinal0 [0x0051A113+1548563]&#10;	Ordinal0 [0x0049DDA1+1039777]&#10;	Ordinal0 [0x0041E485+517253]&#10;	Ordinal0 [0x003AFD34+64820]&#10;	Ordinal0 [0x003AC61E+50718]&#10;	Ordinal0 [0x003CB797+178071]&#10;	Ordinal0 [0x003CB59D+177565]&#10;	Ordinal0 [0x003C95FB+169467]&#10;	Ordinal0 [0x003B160A+71178]&#10;	Ordinal0 [0x003B2690+75408]&#10;	Ordinal0 [0x003B2629+75305]&#10;	Ordinal0 [0x004B71B7+1143223]&#10;	GetHandleVerifier [0x005B2B46+507814]&#10;	GetHandleVerifier [0x005B2864+507076]&#10;	GetHandleVerifier [0x005B9F47+537511]&#10;	GetHandleVerifier [0x005B3402+510050]&#10;	Ordinal0 [0x004AF29C+1110684]&#10;	Ordinal0 [0x004B938B+1151883]&#10;	Ordinal0 [0x004B94F3+1152243]&#10;	Ordinal0 [0x004B83F5+1147893]&#10;	BaseThreadInitThunk [0x76896359+25]&#10;	RtlGetAppContainerNamedObjectPath [0x77C17C24+228]&#10;	RtlGetAppContainerNamedObjectPath [0x77C17BF4+180]&#10;" type="org.openqa.selenium.SessionNotCreatedException"><![CDATA[org.openqa.selenium.SessionNotCreatedException: 
session not created: This version of ChromeDriver only supports Chrome version 79
Build info: version: '3.141.59', revision: 'e82be7d358', time: '2018-11-14T08:17:03'
System info: host: 'DESKTOP-ODFPRUL', ip: '192.168.0.6', os.name: 'Windows 10', os.arch: 'amd64', os.version: '10.0', java.version: '1.8.0_211'
Driver info: driver.version: ChromeDriver
remote stacktrace: Backtrace:
	Ordinal0 [0x0051A113+1548563]
	Ordinal0 [0x0049DDA1+1039777]
	Ordinal0 [0x0041E485+517253]
	Ordinal0 [0x003AFD34+64820]
	Ordinal0 [0x003AC61E+50718]
	Ordinal0 [0x003CB797+178071]
	Ordinal0 [0x003CB59D+177565]
	Ordinal0 [0x003C95FB+169467]
	Ordinal0 [0x003B160A+71178]
	Ordinal0 [0x003B2690+75408]
	Ordinal0 [0x003B2629+75305]
	Ordinal0 [0x004B71B7+1143223]
	GetHandleVerifier [0x005B2B46+507814]
	GetHandleVerifier [0x005B2864+507076]
	GetHandleVerifier [0x005B9F47+537511]
	GetHandleVerifier [0x005B3402+510050]
	Ordinal0 [0x004AF29C+1110684]
	Ordinal0 [0x004B938B+1151883]
	Ordinal0 [0x004B94F3+1152243]
	Ordinal0 [0x004B83F5+1147893]
	BaseThreadInitThunk [0x76896359+25]
	RtlGetAppContainerNamedObjectPath [0x77C17C24+228]
	RtlGetAppContainerNamedObjectPath [0x77C17BF4+180]

]]></error>
    <system-out><![CDATA[Starting scenario Modify personal Details
Ending scenario Modify personal Details
]]></system-out>
    <system-err><![CDATA[Starting ChromeDriver 79.0.3945.36 (3582db32b33893869b8c1339e8f4d9ed1816f143-refs/branch-heads/3945@{#614}) on port 33839
Only local connections are allowed.
Please protect ports used by ChromeDriver and related test frameworks to prevent access by malicious code.
]]></system-err>
  </testcase>
  <testcase name="Modify personal Details" classname="Personal Details" time="1.142">
    <error type="java.lang.NullPointerException"><![CDATA[java.lang.NullPointerException
]]></error>
  </testcase>
  <testcase name="Adding qualifications" classname="Add employee&apos;s qualifications" time="1.131">
    <error message="session not created: This version of ChromeDriver only supports Chrome version 79&#10;Build info: version: &apos;3.141.59&apos;, revision: &apos;e82be7d358&apos;, time: &apos;2018-11-14T08:17:03&apos;&#10;System info: host: &apos;DESKTOP-ODFPRUL&apos;, ip: &apos;192.168.0.6&apos;, os.name: &apos;Windows 10&apos;, os.arch: &apos;amd64&apos;, os.version: &apos;10.0&apos;, java.version: &apos;1.8.0_211&apos;&#10;Driver info: driver.version: ChromeDriver&#10;remote stacktrace: Backtrace:&#10;	Ordinal0 [0x0051A113+1548563]&#10;	Ordinal0 [0x0049DDA1+1039777]&#10;	Ordinal0 [0x0041E485+517253]&#10;	Ordinal0 [0x003AFD34+64820]&#10;	Ordinal0 [0x003AC61E+50718]&#10;	Ordinal0 [0x003CB797+178071]&#10;	Ordinal0 [0x003CB59D+177565]&#10;	Ordinal0 [0x003C95FB+169467]&#10;	Ordinal0 [0x003B160A+71178]&#10;	Ordinal0 [0x003B2690+75408]&#10;	Ordinal0 [0x003B2629+75305]&#10;	Ordinal0 [0x004B71B7+1143223]&#10;	GetHandleVerifier [0x005B2B46+507814]&#10;	GetHandleVerifier [0x005B2864+507076]&#10;	GetHandleVerifier [0x005B9F47+537511]&#10;	GetHandleVerifier [0x005B3402+510050]&#10;	Ordinal0 [0x004AF29C+1110684]&#10;	Ordinal0 [0x004B938B+1151883]&#10;	Ordinal0 [0x004B94F3+1152243]&#10;	Ordinal0 [0x004B83F5+1147893]&#10;	BaseThreadInitThunk [0x76896359+25]&#10;	RtlGetAppContainerNamedObjectPath [0x77C17C24+228]&#10;	RtlGetAppContainerNamedObjectPath [0x77C17BF4+180]&#10;" type="org.openqa.selenium.SessionNotCreatedException"><![CDATA[org.openqa.selenium.SessionNotCreatedException: 
session not created: This version of ChromeDriver only supports Chrome version 79
Build info: version: '3.141.59', revision: 'e82be7d358', time: '2018-11-14T08:17:03'
System info: host: 'DESKTOP-ODFPRUL', ip: '192.168.0.6', os.name: 'Windows 10', os.arch: 'amd64', os.version: '10.0', java.version: '1.8.0_211'
Driver info: driver.version: ChromeDriver
remote stacktrace: Backtrace:
	Ordinal0 [0x0051A113+1548563]
	Ordinal0 [0x0049DDA1+1039777]
	Ordinal0 [0x0041E485+517253]
	Ordinal0 [0x003AFD34+64820]
	Ordinal0 [0x003AC61E+50718]
	Ordinal0 [0x003CB797+178071]
	Ordinal0 [0x003CB59D+177565]
	Ordinal0 [0x003C95FB+169467]
	Ordinal0 [0x003B160A+71178]
	Ordinal0 [0x003B2690+75408]
	Ordinal0 [0x003B2629+75305]
	Ordinal0 [0x004B71B7+1143223]
	GetHandleVerifier [0x005B2B46+507814]
	GetHandleVerifier [0x005B2864+507076]
	GetHandleVerifier [0x005B9F47+537511]
	GetHandleVerifier [0x005B3402+510050]
	Ordinal0 [0x004AF29C+1110684]
	Ordinal0 [0x004B938B+1151883]
	Ordinal0 [0x004B94F3+1152243]
	Ordinal0 [0x004B83F5+1147893]
	BaseThreadInitThunk [0x76896359+25]
	RtlGetAppContainerNamedObjectPath [0x77C17C24+228]
	RtlGetAppContainerNamedObjectPath [0x77C17BF4+180]

]]></error>
    <system-out><![CDATA[Starting scenario Adding qualifications
Ending scenario Adding qualifications
]]></system-out>
    <system-err><![CDATA[Starting ChromeDriver 79.0.3945.36 (3582db32b33893869b8c1339e8f4d9ed1816f143-refs/branch-heads/3945@{#614}) on port 31164
Only local connections are allowed.
Please protect ports used by ChromeDriver and related test frameworks to prevent access by malicious code.
]]></system-err>
  </testcase>
  <testcase name="Adding qualifications" classname="Add employee&apos;s qualifications" time="1.131">
    <error type="java.lang.NullPointerException"><![CDATA[java.lang.NullPointerException
]]></error>
  </testcase>
  <testcase name="Add Employee Salary Details" classname="Enter Salary Components" time="1.127">
    <error message="session not created: This version of ChromeDriver only supports Chrome version 79&#10;Build info: version: &apos;3.141.59&apos;, revision: &apos;e82be7d358&apos;, time: &apos;2018-11-14T08:17:03&apos;&#10;System info: host: &apos;DESKTOP-ODFPRUL&apos;, ip: &apos;192.168.0.6&apos;, os.name: &apos;Windows 10&apos;, os.arch: &apos;amd64&apos;, os.version: &apos;10.0&apos;, java.version: &apos;1.8.0_211&apos;&#10;Driver info: driver.version: ChromeDriver&#10;remote stacktrace: Backtrace:&#10;	Ordinal0 [0x0051A113+1548563]&#10;	Ordinal0 [0x0049DDA1+1039777]&#10;	Ordinal0 [0x0041E485+517253]&#10;	Ordinal0 [0x003AFD34+64820]&#10;	Ordinal0 [0x003AC61E+50718]&#10;	Ordinal0 [0x003CB797+178071]&#10;	Ordinal0 [0x003CB59D+177565]&#10;	Ordinal0 [0x003C95FB+169467]&#10;	Ordinal0 [0x003B160A+71178]&#10;	Ordinal0 [0x003B2690+75408]&#10;	Ordinal0 [0x003B2629+75305]&#10;	Ordinal0 [0x004B71B7+1143223]&#10;	GetHandleVerifier [0x005B2B46+507814]&#10;	GetHandleVerifier [0x005B2864+507076]&#10;	GetHandleVerifier [0x005B9F47+537511]&#10;	GetHandleVerifier [0x005B3402+510050]&#10;	Ordinal0 [0x004AF29C+1110684]&#10;	Ordinal0 [0x004B938B+1151883]&#10;	Ordinal0 [0x004B94F3+1152243]&#10;	Ordinal0 [0x004B83F5+1147893]&#10;	BaseThreadInitThunk [0x76896359+25]&#10;	RtlGetAppContainerNamedObjectPath [0x77C17C24+228]&#10;	RtlGetAppContainerNamedObjectPath [0x77C17BF4+180]&#10;" type="org.openqa.selenium.SessionNotCreatedException"><![CDATA[org.openqa.selenium.SessionNotCreatedException: 
session not created: This version of ChromeDriver only supports Chrome version 79
Build info: version: '3.141.59', revision: 'e82be7d358', time: '2018-11-14T08:17:03'
System info: host: 'DESKTOP-ODFPRUL', ip: '192.168.0.6', os.name: 'Windows 10', os.arch: 'amd64', os.version: '10.0', java.version: '1.8.0_211'
Driver info: driver.version: ChromeDriver
remote stacktrace: Backtrace:
	Ordinal0 [0x0051A113+1548563]
	Ordinal0 [0x0049DDA1+1039777]
	Ordinal0 [0x0041E485+517253]
	Ordinal0 [0x003AFD34+64820]
	Ordinal0 [0x003AC61E+50718]
	Ordinal0 [0x003CB797+178071]
	Ordinal0 [0x003CB59D+177565]
	Ordinal0 [0x003C95FB+169467]
	Ordinal0 [0x003B160A+71178]
	Ordinal0 [0x003B2690+75408]
	Ordinal0 [0x003B2629+75305]
	Ordinal0 [0x004B71B7+1143223]
	GetHandleVerifier [0x005B2B46+507814]
	GetHandleVerifier [0x005B2864+507076]
	GetHandleVerifier [0x005B9F47+537511]
	GetHandleVerifier [0x005B3402+510050]
	Ordinal0 [0x004AF29C+1110684]
	Ordinal0 [0x004B938B+1151883]
	Ordinal0 [0x004B94F3+1152243]
	Ordinal0 [0x004B83F5+1147893]
	BaseThreadInitThunk [0x76896359+25]
	RtlGetAppContainerNamedObjectPath [0x77C17C24+228]
	RtlGetAppContainerNamedObjectPath [0x77C17BF4+180]

]]></error>
    <system-out><![CDATA[Starting scenario Add Employee Salary Details
Ending scenario Add Employee Salary Details
]]></system-out>
    <system-err><![CDATA[Starting ChromeDriver 79.0.3945.36 (3582db32b33893869b8c1339e8f4d9ed1816f143-refs/branch-heads/3945@{#614}) on port 30435
Only local connections are allowed.
Please protect ports used by ChromeDriver and related test frameworks to prevent access by malicious code.
]]></system-err>
  </testcase>
  <testcase name="Add Employee Salary Details" classname="Enter Salary Components" time="1.127">
    <error type="java.lang.NullPointerException"><![CDATA[java.lang.NullPointerException
]]></error>
  </testcase>
  <testcase name="Add Employee Job Details" classname="Edit Personal Details" time="1.13">
    <error message="session not created: This version of ChromeDriver only supports Chrome version 79&#10;Build info: version: &apos;3.141.59&apos;, revision: &apos;e82be7d358&apos;, time: &apos;2018-11-14T08:17:03&apos;&#10;System info: host: &apos;DESKTOP-ODFPRUL&apos;, ip: &apos;192.168.0.6&apos;, os.name: &apos;Windows 10&apos;, os.arch: &apos;amd64&apos;, os.version: &apos;10.0&apos;, java.version: &apos;1.8.0_211&apos;&#10;Driver info: driver.version: ChromeDriver&#10;remote stacktrace: Backtrace:&#10;	Ordinal0 [0x0051A113+1548563]&#10;	Ordinal0 [0x0049DDA1+1039777]&#10;	Ordinal0 [0x0041E485+517253]&#10;	Ordinal0 [0x003AFD34+64820]&#10;	Ordinal0 [0x003AC61E+50718]&#10;	Ordinal0 [0x003CB797+178071]&#10;	Ordinal0 [0x003CB59D+177565]&#10;	Ordinal0 [0x003C95FB+169467]&#10;	Ordinal0 [0x003B160A+71178]&#10;	Ordinal0 [0x003B2690+75408]&#10;	Ordinal0 [0x003B2629+75305]&#10;	Ordinal0 [0x004B71B7+1143223]&#10;	GetHandleVerifier [0x005B2B46+507814]&#10;	GetHandleVerifier [0x005B2864+507076]&#10;	GetHandleVerifier [0x005B9F47+537511]&#10;	GetHandleVerifier [0x005B3402+510050]&#10;	Ordinal0 [0x004AF29C+1110684]&#10;	Ordinal0 [0x004B938B+1151883]&#10;	Ordinal0 [0x004B94F3+1152243]&#10;	Ordinal0 [0x004B83F5+1147893]&#10;	BaseThreadInitThunk [0x76896359+25]&#10;	RtlGetAppContainerNamedObjectPath [0x77C17C24+228]&#10;	RtlGetAppContainerNamedObjectPath [0x77C17BF4+180]&#10;" type="org.openqa.selenium.SessionNotCreatedException"><![CDATA[org.openqa.selenium.SessionNotCreatedException: 
session not created: This version of ChromeDriver only supports Chrome version 79
Build info: version: '3.141.59', revision: 'e82be7d358', time: '2018-11-14T08:17:03'
System info: host: 'DESKTOP-ODFPRUL', ip: '192.168.0.6', os.name: 'Windows 10', os.arch: 'amd64', os.version: '10.0', java.version: '1.8.0_211'
Driver info: driver.version: ChromeDriver
remote stacktrace: Backtrace:
	Ordinal0 [0x0051A113+1548563]
	Ordinal0 [0x0049DDA1+1039777]
	Ordinal0 [0x0041E485+517253]
	Ordinal0 [0x003AFD34+64820]
	Ordinal0 [0x003AC61E+50718]
	Ordinal0 [0x003CB797+178071]
	Ordinal0 [0x003CB59D+177565]
	Ordinal0 [0x003C95FB+169467]
	Ordinal0 [0x003B160A+71178]
	Ordinal0 [0x003B2690+75408]
	Ordinal0 [0x003B2629+75305]
	Ordinal0 [0x004B71B7+1143223]
	GetHandleVerifier [0x005B2B46+507814]
	GetHandleVerifier [0x005B2864+507076]
	GetHandleVerifier [0x005B9F47+537511]
	GetHandleVerifier [0x005B3402+510050]
	Ordinal0 [0x004AF29C+1110684]
	Ordinal0 [0x004B938B+1151883]
	Ordinal0 [0x004B94F3+1152243]
	Ordinal0 [0x004B83F5+1147893]
	BaseThreadInitThunk [0x76896359+25]
	RtlGetAppContainerNamedObjectPath [0x77C17C24+228]
	RtlGetAppContainerNamedObjectPath [0x77C17BF4+180]

]]></error>
    <system-out><![CDATA[Starting scenario Add Employee Job Details
Ending scenario Add Employee Job Details
]]></system-out>
    <system-err><![CDATA[Starting ChromeDriver 79.0.3945.36 (3582db32b33893869b8c1339e8f4d9ed1816f143-refs/branch-heads/3945@{#614}) on port 11996
Only local connections are allowed.
Please protect ports used by ChromeDriver and related test frameworks to prevent access by malicious code.
]]></system-err>
  </testcase>
  <testcase name="Add Employee Job Details" classname="Edit Personal Details" time="1.13">
    <error type="java.lang.NullPointerException"><![CDATA[java.lang.NullPointerException
]]></error>
  </testcase>
  <testcase name="Add Employee Emergency Contact" classname="Edit Personal Details" time="1.114">
    <error message="session not created: This version of ChromeDriver only supports Chrome version 79&#10;Build info: version: &apos;3.141.59&apos;, revision: &apos;e82be7d358&apos;, time: &apos;2018-11-14T08:17:03&apos;&#10;System info: host: &apos;DESKTOP-ODFPRUL&apos;, ip: &apos;192.168.0.6&apos;, os.name: &apos;Windows 10&apos;, os.arch: &apos;amd64&apos;, os.version: &apos;10.0&apos;, java.version: &apos;1.8.0_211&apos;&#10;Driver info: driver.version: ChromeDriver&#10;remote stacktrace: Backtrace:&#10;	Ordinal0 [0x0051A113+1548563]&#10;	Ordinal0 [0x0049DDA1+1039777]&#10;	Ordinal0 [0x0041E485+517253]&#10;	Ordinal0 [0x003AFD34+64820]&#10;	Ordinal0 [0x003AC61E+50718]&#10;	Ordinal0 [0x003CB797+178071]&#10;	Ordinal0 [0x003CB59D+177565]&#10;	Ordinal0 [0x003C95FB+169467]&#10;	Ordinal0 [0x003B160A+71178]&#10;	Ordinal0 [0x003B2690+75408]&#10;	Ordinal0 [0x003B2629+75305]&#10;	Ordinal0 [0x004B71B7+1143223]&#10;	GetHandleVerifier [0x005B2B46+507814]&#10;	GetHandleVerifier [0x005B2864+507076]&#10;	GetHandleVerifier [0x005B9F47+537511]&#10;	GetHandleVerifier [0x005B3402+510050]&#10;	Ordinal0 [0x004AF29C+1110684]&#10;	Ordinal0 [0x004B938B+1151883]&#10;	Ordinal0 [0x004B94F3+1152243]&#10;	Ordinal0 [0x004B83F5+1147893]&#10;	BaseThreadInitThunk [0x76896359+25]&#10;	RtlGetAppContainerNamedObjectPath [0x77C17C24+228]&#10;	RtlGetAppContainerNamedObjectPath [0x77C17BF4+180]&#10;" type="org.openqa.selenium.SessionNotCreatedException"><![CDATA[org.openqa.selenium.SessionNotCreatedException: 
session not created: This version of ChromeDriver only supports Chrome version 79
Build info: version: '3.141.59', revision: 'e82be7d358', time: '2018-11-14T08:17:03'
System info: host: 'DESKTOP-ODFPRUL', ip: '192.168.0.6', os.name: 'Windows 10', os.arch: 'amd64', os.version: '10.0', java.version: '1.8.0_211'
Driver info: driver.version: ChromeDriver
remote stacktrace: Backtrace:
	Ordinal0 [0x0051A113+1548563]
	Ordinal0 [0x0049DDA1+1039777]
	Ordinal0 [0x0041E485+517253]
	Ordinal0 [0x003AFD34+64820]
	Ordinal0 [0x003AC61E+50718]
	Ordinal0 [0x003CB797+178071]
	Ordinal0 [0x003CB59D+177565]
	Ordinal0 [0x003C95FB+169467]
	Ordinal0 [0x003B160A+71178]
	Ordinal0 [0x003B2690+75408]
	Ordinal0 [0x003B2629+75305]
	Ordinal0 [0x004B71B7+1143223]
	GetHandleVerifier [0x005B2B46+507814]
	GetHandleVerifier [0x005B2864+507076]
	GetHandleVerifier [0x005B9F47+537511]
	GetHandleVerifier [0x005B3402+510050]
	Ordinal0 [0x004AF29C+1110684]
	Ordinal0 [0x004B938B+1151883]
	Ordinal0 [0x004B94F3+1152243]
	Ordinal0 [0x004B83F5+1147893]
	BaseThreadInitThunk [0x76896359+25]
	RtlGetAppContainerNamedObjectPath [0x77C17C24+228]
	RtlGetAppContainerNamedObjectPath [0x77C17BF4+180]

]]></error>
    <system-out><![CDATA[Starting scenario Add Employee Emergency Contact
Ending scenario Add Employee Emergency Contact
]]></system-out>
    <system-err><![CDATA[Starting ChromeDriver 79.0.3945.36 (3582db32b33893869b8c1339e8f4d9ed1816f143-refs/branch-heads/3945@{#614}) on port 15560
Only local connections are allowed.
Please protect ports used by ChromeDriver and related test frameworks to prevent access by malicious code.
]]></system-err>
  </testcase>
  <testcase name="Add Employee Emergency Contact" classname="Edit Personal Details" time="1.114">
    <error type="java.lang.NullPointerException"><![CDATA[java.lang.NullPointerException
]]></error>
  </testcase>
</testsuite>